-------------------------------------------------------------------------------
Test set: TestSuite
-------------------------------------------------------------------------------
Tests run: 1, Failures: 1, Errors: 0, Skipped: 0, Time elapsed: 29.549 sec <<< FAILURE! - in TestSuite
salaries(aca.first.test.MyFirstWebDriverTest)  Time elapsed: 12.513 sec  <<< FAILURE!
java.lang.AssertionError: expected [Salary, pay, bonus of female employees  | Fairygodboss] but found [Salary, pay, bonus of female employees | Fairygodboss]
	at aca.first.test.MyFirstWebDriverTest.salaries(MyFirstWebDriverTest.java:97)

